<?xml version="1.0" encoding="UTF-8"?>
<!-- Generated by org.testng.reporters.JUnitReportReporter -->
<testsuite skipped="0" hostname="anoop-PC" name="Base_test" tests="1" failures="0" timestamp="2020-01-14T15:42:37 IST" time="11.728" errors="0">
  <testcase name="Launch_Browser" time="11.728" classname="Base_test"/>
  <system-out/>
</testsuite> <!-- Base_test -->
