<?xml version="1.0" encoding="UTF-8"?>
<!-- Generated by org.testng.reporters.JUnitReportReporter -->
<testsuite skipped="0" hostname="anoop-PC" name="mavenbrowser.App" tests="1" failures="0" timestamp="2020-01-16T15:16:12 IST" time="12.320" errors="0">
  <testcase name="Launchbrowser" time="12.320" classname="mavenbrowser.App"/>
</testsuite> <!-- mavenbrowser.App -->
