<?xml version="1.0" encoding="UTF-8"?>
<!-- Generated by org.testng.reporters.JUnitReportReporter -->
<testsuite skipped="0" hostname="anoop-PC" name="Testcase1" tests="2" failures="0" timestamp="2020-01-14T15:53:53 IST" time="10.139" errors="0">
  <testcase name="Launch_Browser" time="10.137" classname="Testcase1"/>
  <system-out/>
  <testcase name="DragAndDrop" time="0.002" classname="Testcase1"/>
  <system-out/>
</testsuite> <!-- Testcase1 -->
